[1446396319] <hasnostylehasnograce> pls
[1446396320] <nnnn20430> f
[1446396320] <pkmnpkmn> ctrl-c
[1446396320] <unitas31> backspace
[1446396321] <tescorg> f
[1446396321] <giedrius_> f
[1446396321] <pkmnpkmn> ctrl-c
[1446396322] <bohverkill> dot
[1446396322] <digitalcrosshair> thanks folks
[1446396322] <npetersendk> f
[1446396322] <synackk> f
[1446396323] <declty> yes
[1446396323] <pkmnpkmn> ctrl-c
[1446396323] <rafinhi> ctrl-v
[1446396323] <reimu_is_my_waifu> ctrl-u
[1446396323] <coocoo617> backspace
[1446396324] <install_it_dammit> god, this sucks even for the trolls
[1446396324] <whizzer0> it's supposed to be the most popular
[1446396324] <diehealthy> f
[1446396324] <manawyrm> ctrl-c
[1446396324] <dumbumb> did we do LS?
[1446396324] <pkmnpkmn> ctrl-c
[1446396325] <miner2542> f
[1446396325] <chocolic> backspace
[1446396326] <pkmnpkmn> ctrl-c
[1446396326] <mrtom3715> backspacE
[1446396327] <nilesr> backspace
[1446396327] <pkmnpkmn> ctrl-c
[1446396328] <fruitiex> f
[1446396328] <its_really_dave> f
[1446396328] <pkmnpkmn> ctrl-c
[1446396329] <miner2542> f
[1446396329] <obammy> WEE NEED DEMOCRACY
[1446396329] <psycix> f
[1446396330] <twitchinstallsarchlinux> Winning command: f
[1446396331] <mrtom3715> f
[1446396331] <daniel_hede> F
[1446396331] <chocolic> nop
[1446396331] <fullmetal5> backspace
[1446396331] <xingped> r
[1446396332] <npetersendk> d
[1446396332] <manawyrm> omfg
[1446396332] <nnnn20430> d
[1446396332] <synackk> d
[1446396333] <etem_t> u
[1446396333] <mrtom3715> d
[1446396334] <manawyrm> f
[1446396334] <psycix> u
[1446396334] <daniel_hede> d
[1446396334] <tescorg> d
[1446396335] <coocoo617> f
[1446396335] <upladplaysgames> d
[1446396335] <chocolic> d
[1446396335] <gamehurricane19> d
[1446396335] <getterac7> d
[1446396335] <henryhooverville> fiddle
[1446396335] <the_doriath> d
[1446396336] <eduardopv92> d
[1446396336] <ramaclassic> ctrl-c
[1446396336] <maniexx> there was a nice cleanup script, wasn't there
[1446396336] <miner2542> d
[1446396336] <manawyrm> d
[1446396337] <giedrius_> d
[1446396337] <hetake2> d
[1446396337] <acheloos2013> d
[1446396337] <declty> enter
[1446396337] <psycix> UUUUUUUUUUUUU
[1446396338] <reimu_is_my_waifu> halt
[1446396339] <t0mk4p> l
[1446396340] <timy_pastek> backspace
[1446396340] <realnoisette> d
[1446396340] <kism_> d
[1446396340] <miner2542> d
[1446396341] <declty> r
[1446396342] <miner2542> d
[1446396342] <realnoisette> D
[1446396342] <fruitiex> d
[1446396343] <kylegoertzen> d
[1446396343] <grumio_coquus> U
[1446396343] <theendlessblue> d
[1446396343] <ninjatomate> u
[1446396343] <mrtom3715> D
[1446396343] <realnoisette> d
[1446396343] <miner2542> d
[1446396344] <its_really_dave> d
[1446396344] <emilun> f
[1446396344] <steelreservedrinker> u
[1446396344] <linuxomaniac> yes
[1446396345] <hmmterve> u
[1446396345] <twitchinstallsarchlinux> Winning command: yes
[1446396345] <install_it_dammit> democracy
[1446396345] <realnoisette> D
[1446396346] <ownsyouall> d
[1446396346] <theyaram> d
[1446396346] <henryhooverville> u
[1446396347] <pearlnecklaces> d
[1446396348] <qqq1243> d
[1446396350] <declty> let's do rm-rf /
[1446396350] <coocoo617> d
[1446396350] <grumio_coquus> YES LOL
[1446396351] <ninja3047> d
[1446396352] <declty> r
[1446396353] <anakronchik> system_reset
[1446396353] <thebrokenbullet> d
[1446396353] <the_doriath> jlj
[1446396353] <its_really_dave> lol
[1446396354] <psycix> YES?
[1446396354] <thlst> d
[1446396355] <eduardopv92> s
[1446396356] <declty> yes
[1446396356] <shamblernaut> d
[1446396356] <the_doriath> d
[1446396358] <mrtom3715> d
[1446396358] <giedrius_> yes?
[1446396358] <andonuts0> democracy
[1446396358] <skiftcha> u
[1446396359] <sfan5> tab
[1446396359] <twitchinstallsarchlinux> Winning command: tab
[1446396360] <realnoisette> democracy
[1446396360] <psycix> u
[1446396360] <its_really_dave> d
[1446396360] <ward3nart> system_reset
[1446396363] <declty> backspace
[1446396363] <obammy> democracy
[1446396364] <papi_wa_harpy> king Putin hate your democrasy
[1446396364] <whizzer0> install arch
[1446396364] <realnoisette> democ
[1446396364] <timy_pastek> p
[1446396365] <daniel_hede> d
[1446396365] <s7jones> system_reset
[1446396366] <gamehurricane19> f
[1446396367] <nnnn20430> d
[1446396367] <skiftcha> fg
[1446396368] <declty> let's do rm -rf /
[1446396368] <atenefyr> Imagine if "rf -rf /*" actually happened
[1446396370] <maniexx> too early for tab
[1446396370] <timy_pastek> backsapc
[1446396371] <atenefyr> That would be hilarious
[1446396371] <dumbumb> anarchy
[1446396371] <henryhooverville> system_reset
[1446396371] <ward3nart> l
[1446396372] <maniexx> d
[1446396372] <atenefyr> Let's not though
[1446396373] <declty> let's do it!
[1446396373] <theendlessblue> d
[1446396373] <pearlnecklaces> i
[1446396373] <realnoisette> democracy
[1446396374] <manawyrm> d
[1446396374] <fruitiex> d
[1446396374] <synackk> d
[1446396374] <drmoebyus> democracy
[1446396374] <twitchinstallsarchlinux> Winning command: d
[1446396374] <skiftcha> u
[1446396375] <atenefyr> That would suck
[1446396375] <hetake2> d
[1446396375] <grumio_coquus> enter
[1446396375] <binarycounter> b
[1446396375] <kylegoertzen> d
[1446396375] <hmmterve> u
[1446396375] <timy_pastek> backspace
[1446396376] <getterac7> d
[1446396376] <the_doriath> daf
[1446396376] <declty> we can do it
[1446396376] <ward3nart> system_reset
[1446396376] <mrtom3715> i
[1446396376] <ekrow> rm -rf /
[1446396378] <synackk> i
[1446396378] <hetake2> i
[1446396378] <manawyrm> tab
[1446396378] <miner2542> d
[1446396378] <chocolic> i
[1446396378] <nnnn20430> i
[1446396379] <daniel_hede> i
[1446396379] <declty> m
[1446396380] <pentium320> i
[1446396381] <kism_> i
[1446396381] <henryhooverville> i
[1446396382] <giedrius_> i
[1446396382] <miner2542> i
[1446396382] <tescorg> d
[1446396382] <ninjatomate> u
[1446396382] <getterac7> i
[1446396383] <mrtom3715> I
[1446396384] <whizzer0> omg we did something
[1446396384] <npetersendk> i
[1446396384] <its_really_dave> tap
[1446396385] <acheloos2013> i
[1446396385] <qqq1243> d
[1446396386] <ownsyouall> i
[1446396386] <mrtom3715> i
[1446396387] <fruitiex> i
[1446396387] <manawyrm> i
[1446396387] <dysphunxion> tab
[1446396387] <realnoisette> system-resety
[1446396388] <grumio_coquus> f
[1446396389] <kylegoertzen> i
[1446396389] <miner2542> I
[1446396389] <its_really_dave> tab
[1446396389] <hmmterve> i
[1446396389] <baggae> tab
[1446396390] <theendlessblue> i
[1446396390] <twitchinstallsarchlinux> Winning command: tab
[1446396390] <drmoebyus> backspace
[1446396390] <fullmetal5> d
[1446396391] <the_doriath> i
[1446396391] <realnoisette> system-reset
[1446396391] <whizzer0> tab
[1446396392] <qqq1243> i
[1446396394] <tescorg> i
[1446396395] <irisiridal> i
[1446396396] <pearlnecklaces> tab
[1446396396] <maniexx> i
[1446396396] <shamblernaut> d
[1446396396] <anakronchik> system_reset
[1446396396] <realnoisette> s
[1446396397] <fullmetal5> i
[1446396399] <sfan5> i
[1446396399] <whizzer0> enter
[1446396400] <fruitiex> too early
[1446396400] <miner2542> i
[1446396400] <tommyknocker_ru> space
[1446396402] <s7jones> system_reset
[1446396402] <realnoisette> enter
[1446396403] <ninjatomate> backslash
[1446396404] <linuxomaniac> yes
[1446396405] <henryhooverville> p
[1446396406] <twitchinstallsarchlinux> Winning command: p
[1446396406] <ward3nart> system_reset
[1446396406] <its_really_dave> i
[1446396407] <fruitiex> i
[1446396408] <henryhooverville> i
[1446396409] <ninja3047> i
[1446396409] <mrtom3715> backspace
[1446396410] <gamehurricane19> i
[1446396410] <nnnn20430> backspace
[1446396411] <pearlnecklaces> i
[1446396411] <kiplantt> i
[1446396412] <giedrius_> FailFish
[1446396412] <manawyrm> backspace
[1446396413] <synackk> backspace
[1446396413] <jakefromstatefarm78> i
[1446396413] <ownsyouall> backspace
[1446396414] <jaffa> backspace
[1446396415] <cheshireelk> backspace
[1446396415] <sfan5> backspace
[1446396415] <declty> backspace
[1446396415] <siyo92> i
[1446396415] <ownsyouall> FailFish
[1446396415] <whizzer0> backspace
[1446396416] <daniel_hede> backspace
[1446396416] <the_doriath> backspace
[1446396416] <shamblernaut> backspace
[1446396416] <getterac7> backspace
[1446396418] <hetake2> backspace
[1446396418] <tescorg> backspace
[1446396418] <fruitiex> backspace FailFish
[1446396418] <realnoisette> system-reset
[1446396418] <npetersendk> backspace
[1446396418] <manawyrm> m(
[1446396419] <its_really_dave> backspace
[1446396419] <steelreservedrinker> system_reset
[1446396419] <chocolic> backspace
[1446396419] <drmoebyus> Kappa
[1446396419] <acheloos2013> backspace
[1446396419] <skiftcha> e
[1446396420] <hmmterve> backspace
[1446396420] <kylegoertzen> backspace
[1446396420] <twitchinstallsarchlinux> Winning command: backspace
[1446396421] <realnoisette> i
[1446396421] <theyaram> backspace
[1446396421] <stracjd> backspace
[1446396422] <nnnn20430> i
[1446396423] <chocolic> i
[1446396423] <cheshireelk> i
[1446396423] <mrtom3715> i
[1446396423] <miner2542> some people are so retarded
[1446396423] <pentium320> i
[1446396424] <baggae> backspace
[1446396424] <thlst> i
[1446396424] <jaffa> i
[1446396424] <the_doriath> i
[1446396425] <manawyrm> i
[1446396425] <tescorg> i
[1446396425] <daniel_hede> i
[1446396425] <declty> boo
[1446396425] <acheloos2013> i
[1446396426] <hetake2> i
[1446396426] <shamblernaut> i
[1446396426] <chrisazy> i
[1446396426] <xanoris_the_real> i
[1446396426] <getterac7> i
[1446396426] <scottjive> What the hell are you trying to do
[1446396427] <manawyrm> yep
[1446396427] <sfan5> tab
[1446396427] <ownsyouall> i
[1446396428] <whizzer0> i
[1446396428] <stracjd> i
[1446396428] <grumio_coquus> type F guys
[1446396428] <eduardopv92> i
[1446396429] <baggae> i
[1446396429] <miner2542> i
[1446396430] <theyaram> i
[1446396430] <gamehurricane19> we need i
[1446396430] <tommyknocker_ru> i
[1446396430] <kiplantt> backspace
[1446396430] <anakronchik> system_reset
[1446396430] <firegamer3> i
[1446396431] <npetersendk> i
[1446396431] <fruitiex> i
[1446396432] <gamehurricane19> i
[1446396432] <its_really_dave> i
[1446396433] <kylegoertzen> i
[1446396433] <manawyrm> fdisk /dev/sda!!!!
[1446396434] <fullmetal5> backspace
[1446396434] <synackk> i
[1446396434] <henryhooverville> backspace
[1446396435] <miner2542> i
[1446396435] <hmmterve> i
[1446396435] <twitchinstallsarchlinux> Winning command: backspace
[1446396435] <whizzer0> we dont know
[1446396435] <ninjatomate> ;
[1446396436] <jaffa> s
[1446396436] <ookini> i
[1446396436] <notterox> i
[1446396437] <buzukus> i
[1446396438] <nnnn20430> d
[1446396438] <kiplantt> i
[1446396438] <coocoo617> d
[1446396438] <chrisazy> f
[1446396438] <miner2542> i
[1446396439] <manawyrm> i
[1446396439] <cheshireelk> d
[1446396439] <papi_wa_harpy> i
[1446396439] <pentium320> d
[1446396439] <getterac7> We're going for: fdisk /dev/sda
[1446396439] <steelreservedrinker> i
[1446396439] <fullmetal5> i
[1446396440] <gamehurricane19> d
[1446396440] <a904guy> i
[1446396440] <qqq1243> i
[1446396440] <siyo92> d
[1446396440] <obammy> democracy
[1446396440] <mrtom3715> d
[1446396441] <daniel_hede> d
[1446396441] <the_doriath> d
[1446396441] <jaffa> d
[1446396441] <subnoize417> system_reset
[1446396441] <dieselownsu> i
[1446396441] <miner2542> i
[1446396441] <theyaram> d
[1446396442] <chrisazy> d
[1446396443] <whizzer0> d
[1446396443] <ookini> d
[1446396443] <yourlocalfax> i
[1446396443] <baggae> d
[1446396443] <npetersendk> d
[1446396443] <ownsyouall> d
[1446396443] <miner2542> i
[1446396443] <a904guy> i
[1446396444] <radek502> d
[1446396444] <firegamer3> d
[1446396444] <manawyrm> d
[1446396444] <kacekay> d
[1446396445] <a904guy> i
[1446396445] <mrtom3715> D
[1446396445] <henryhooverville> i
[1446396445] <miner2542> i
[1446396446] <etem_t> d
[1446396446] <mariohenk> i
[1446396446] <floatboth> i
[1446396446] <raymondhim> d
[1446396446] <its_really_dave> d
[1446396446] <kylegoertzen> d
[1446396447] <realnoisette> backspace
[1446396447] <hetake2> d
[1446396447] <ninja3047> d
[1446396447] <mrtom3715> d
[1446396447] <sfan5> d
[1446396447] <a904guy> i
[1446396447] <skiftcha> u
[1446396448] <legpt> === WE NEED TO TEST NETWORK ACCESS ||| LET'S RUN ping 8.8.8.8 enter ====
[1446396448] <pearlnecklaces> d
[1446396448] <ninjatomate> u
[1446396448] <dieselownsu> d
[1446396448] <i3wm_rules_ok> ctrl-s
[1446396449] <twitchinstallsarchlinux> Winning command: f
[1446396449] <emilun> d
[1446396449] <miner2542> d
[1446396449] <hmmterve> u
[1446396449] <realnoisette> i
[1446396449] <thearni> d
[1446396450] <grumio_coquus> u
[1446396450] <berjou_43> democracy please
[1446396450] <frozendroid> rip
[1446396453] <epiclper_stream> RIP
[1446396453] <its_really_dave> gg
[1446396454] <ownsyouall> RIP
[1446396454] <synackk> RIP
[1446396454] <stracjd> d
[1446396454] <nnnn20430> backspace
[1446396454] <yourlocalfax> RIP
[1446396454] <jaffa> backspace
[1446396455] <fullmetal5> rip
[1446396455] <ninja3047> rip
[1446396455] <binarycounter> ripperino
[1446396456] <digitalcrosshair> gg
[1446396456] <theyaram> RIP
[1446396456] <atenefyr> Rest in pepperoni
[1446396456] <maxe_1990> rip
[1446396456] <manawyrm> legpt: No, we don't!
[1446396456] <chrisazy> RIPRIPRIP
[1446396456] <scottjive> @Getterac7 ah ok
[1446396456] <mrtom3715> rip
[1446396457] <thearni> RIP
[1446396457] <baggae> rip
[1446396458] <mariohenk> lol
[1446396458] <linuxomaniac> lel
[1446396458] <ninjatomate> good stream 4Head
[1446396458] <giedrius_> gg
[1446396458] <papi_wa_harpy> Rip
[1446396459] <the_doriath> backspace
[1446396459] <shamblernaut> RIP
[1446396459] <obammy> DEMOCRACY
[1446396459] <npetersendk> backspace
[1446396459] <extralifekev> game over man, game over!
[1446396460] <hasnostylehasnograce> rip in peace
[1446396460] <eduardopv92> RUINED
[1446396460] <epiclper_stream> Right as I joined in, great
[1446396460] <acheloos2013> rip
[1446396460] <firegamer3> rip
[1446396460] <ownsyouall> WE INSTALLED IT REDDI
[1446396460] <nnnn20430> ded
[1446396461] <maniexx> Do we know the disk is at /dev/sda?
[1446396461] <anubis169> ROP
[1446396461] <whizzer0> backspace
[1446396462] <radek502> rip
[1446396462] <miner2542> rip
[1446396463] <stracjd> lol
[1446396463] <hmmterve> s
[1446396463] <siyo92> THANKS LINUS
[1446396463] <realnoisette> democracy
[1446396464] <fruitiex> RIP twitch installs 2015-2015
[1446396464] <tommyknocker_ru> wtf
[1446396464] <anubis169> uhh
[1446396464] <emilun> backspace
[1446396465] <left_early> yyyyy
[1446396465] <nint8835> panicBasket
[1446396465] <nusuey> lol
[1446396467] <anubis169> RIP
[1446396467] <whizzer0> rip
[1446396467] <realnoisette> l
[1446396468] <hetake2> the latency is very high
[1446396469] <kiplantt> i
[1446396469] <shamblernaut> stream is kill
[1446396469] <miner2542> REST IN PEACE
[1446396470] <anubis169> panicBasket
[1446396470] <ward3nart> ded
[1446396471] <manawyrm> legpt: qemu has no support for ICMP, you can't ping 8.8.8.8
[1446396471] <realnoisette> f
[1446396473] <elcouz> RIP
[1446396473] <scottjive> RIP
[1446396473] <linuxomaniac> topkek
[1446396475] <hasnostylehasnograce> memes
[1446396475] <acheloos2013> rip rip rip
[1446396476] <twitchinstallsarchlinux> Not enough votes
[1446396476] <cougar618> lol twitch can't even do step 1) Fdisk
[1446396477] <left_early> rip
[1446396477] <hasnostylehasnograce> post memes
[1446396477] <sfan5> press f to pay respects
[1446396480] <twitchinstallsarchlinux> Winning command: f
[1446396481] <sfan5> Kappa
[1446396481] <goldincome> f
[1446396482] <pebs74> it's dead, Jim
[1446396482] <jelly_a> f
[1446396483] <giedrius_> f
[1446396483] <henryhooverville> F
[1446396484] <hasnostylehasnograce> pls share yo dank memes
[1446396484] <ninja3047> f
[1446396485] <manawyrm> maniexx: Yes, the commandline was already posted ;)
[1446396486] <pezdi> Linus is one proper cheeky blighter 👌
[1446396486] <i3wm_rules_ok> Maniexx yes
[1446396486] <epiclper_stream> f
[1446396486] <cougar618> twitch in talls ubuntu
[1446396486] <subnoize417> system_reset
[1446396487] <dnblighton> RIP
[1446396488] <miner2542> F
[1446396490] <anubis169> f
[1446396490] <kiplantt> backspace
[1446396490] <cougar618> 3 hours
[1446396490] <atenefyr> u
[1446396492] <ownsyouall> F
[1446396492] <miner2542> RIP
[1446396493] <realnoisette> d
[1446396493] <twitchinstallsarchlinux> Winning command: d
[1446396494] <ninja3047> install gentoo guys
[1446396495] <papi_wa_harpy> rip
[1446396497] <atenefyr> i
[1446396497] <frozendroid> i
[1446396498] <ownsyouall> i
[1446396498] <hasnostylehasnograce> mars needs memes
[1446396498] <manawyrm> i
[1446396498] <opim10> RIP
[1446396498] <s3shxarzaj> BloodTrail
[1446396499] <getterac7> i
[1446396501] <epiclper_stream> kappa
[1446396501] <nnnn20430> i
[1446396502] <acheloos2013> i
[1446396502] <bda148> s
[1446396504] <d4rcm4rc> Stream is kill
[1446396504] <xanoris_the_real> twitch forks arch is next
[1446396505] <realnoisette> i
[1446396505] <miner2542> i
[1446396506] <npetersendk> i
[1446396507] <eduardopv92> i
[1446396507] <grumio_coquus> u
[1446396508] <frozendroid> we dont need no stream
[1446396509] <theyaram> i
[1446396509] <bda148> rip
[1446396509] <twitchinstallsarchlinux> Winning command: i
[1446396509] <anti_scat> MrDestructoid chat will be up to 30 seconds ahead of what you see as video guise. allow time for stream
[1446396509] <hmmterve> u
[1446396510] <daniel_hede> i
[1446396511] <frozendroid> s
[1446396512] <rec757> install arch blind!
[1446396512] <atenefyr> s
[1446396512] <eduardopv92> s
[1446396513] <ownsyouall> tab
[1446396513] <getterac7> s
[1446396514] <nnnn20430> s
[1446396514] <acheloos2013> s
[1446396515] <firegamer3> s
[1446396515] <efexel> i
[1446396515] <theyaram> s
[1446396516] <atenefyr> THis is so pro
[1446396518] <efexel> enter
[1446396518] <sfan5> tab
[1446396518] <juggernaut__93> people continuing to send commands are probably bots
[1446396519] <manawyrm> s
[1446396519] <npetersendk> tab
[1446396520] <b1tpunk> f
[1446396520] <daniel_hede> s
[1446396521] <realnoisette> s
[1446396522] <henryhooverville> s
[1446396522] <frozendroid> S
[1446396523] <efexel> mordi e støgg
[1446396523] <realnoisette> S
[1446396523] <etem_t> 👌
[1446396524] <grumio_coquus> c
[1446396525] <frozendroid> S
[1446396525] <twitchinstallsarchlinux> Winning command: c
[1446396526] <hmmterve> d
[1446396528] <frozendroid> FUCKER
[1446396528] <manawyrm> backspace
[1446396529] <realnoisette> backspace
[1446396529] <daniel_hede> backspace
[1446396529] <eduardopv92> k
[1446396529] <darktigrus0> blind urn WR attempt Kreygasm
[1446396530] <theyaram> backspace
[1446396530] <giedrius_> backspace
[1446396530] <acheloos2013> backspace
[1446396531] <mariohenk> enter
[1446396531] <getterac7> backspace
[1446396531] <firegamer3> backspace
[1446396531] <frozendroid> backspacee
[1446396531] <ownsyouall> we are installing it blind now
[1446396532] <npetersendk> omg why c
[1446396533] <eduardopv92> backspace
[1446396534] <yourlocalfax> backspace
[1446396537] <atenefyr> @Juggernaut__93 They're typing "fdisk", actually making some progress, so probbly not
[1446396537] <pezdi> 👌
[1446396537] <s3shxarzaj> backspace
[1446396539] <fusionclear> The stream is out?
[1446396539] <manawyrm> fdisk /dev/sda is the command we are trying to type!!!
[1446396539] <twitchinstallsarchlinux> Winning command: backspace
[1446396540] <nnnn20430> juggernaut__93: nah we just pay attention to bot not even watching stream
[1446396541] <steelreservedrinker> f4
[1446396542] <atenefyr> probably*
[1446396542] <acheloos2013> s#
[1446396542] <giedrius_> why "c"? No one entered "c" FailFish
[1446396542] <efexel> KappaRoss YO MOMA
[1446396542] <manawyrm> s
[1446396543] <daniel_hede> s
[1446396544] <acheloos2013> s
[1446396544] <getterac7> s
[1446396544] <firegamer3> s
[1446396545] <theyaram> s
[1446396547] <eduardopv92> s
[1446396549] <coocoo617> s
[1446396550] <etem_t> 👌👌👌
[1446396551] <hmmterve> system_reset
[1446396551] <realnoisette> s
[1446396552] <miner2542> s
[1446396552] <grumio_coquus> c
[1446396553] <bdr9999> we need democracy
[1446396554] <realnoisette> S
[1446396554] <atenefyr> fffdic xE
[1446396555] <twitchinstallsarchlinux> Winning command: S
[1446396555] <steelreservedrinker> lol
[1446396555] <s3shxarzaj> KappaRoss
[1446396555] <atenefyr> xD*
[1446396557] <miner2542> s
[1446396557] <eduardopv92> k
[1446396558] <fruitiex> FFFFFFFFFFFDISK
[1446396558] <daniel_hede> home
[1446396559] <synackk> control-c
[1446396559] <linuxomaniac> yeah
[1446396559] <manawyrm> ctrl-c
[1446396560] <nnnn20430> ctrl-c
[1446396560] <realnoisette> backspace
[1446396560] <getterac7> BLIND ARCH INTSALL gogogog
[1446396561] <hetake2> ctrl+w
[1446396561] <theyaram> backspace
[1446396562] <shamblernaut> enter
[1446396562] <floatboth> c
[1446396562] <mrtom3715> ctrl-c
[1446396563] <the_epicmuffin> once we are in fdisk, it's so easy to mess it up all :D
[1446396564] <sfan5> tab
[1446396564] <xanoris_the_real> backspace
[1446396565] <ownsyouall> ctrl + c
[1446396565] <coocoo617> backspace
[1446396565] <maniexx> ctrl-c
[1446396566] <grumio_coquus> fffdick
[1446396566] <ninja3047> ctrl-c
[1446396566] <siyo92> ctrl-c
[1446396566] <fullmetal5> ctrl-c
[1446396567] <pezdi> 👌
[1446396567] <daniel_hede> ctrl-c
[1446396567] <henryhooverville> delete
[1446396569] <kylegoertzen> ctrl-c
[1446396569] <emilun> ctrl-c
[1446396569] <subnoize417> ctrl-c
[1446396569] <synackk> ctrl-c
[1446396570] <hmmterve> ctrl-c
[1446396570] <steelreservedrinker> k
[1446396570] <twitchinstallsarchlinux> Winning command: ctrl-c
[1446396571] <realnoisette> lol blind we didnt see the fff
[1446396572] <tommyknocker_ru> ctrl-c
[1446396573] <firegamer3> dackspace
[1446396573] <manawyrm> f
[1446396573] <rafinhi> f
[1446396574] <synackk> f
[1446396574] <acheloos2013> f
[1446396574] <scottjive> f
[1446396575] <nnnn20430> fdisk /dev/sda guys
[1446396575] <papi_wa_harpy> system_reset
[1446396575] <eduardopv92> f
[1446396575] <mrtom3715> ctrl-C
[1446396577] <tommyknocker_ru> f
[1446396577] <juggernaut__93> not so successful ahahah
[1446396578] <npetersendk> ctrl-c
[1446396578] <getterac7> ctrl-c
[1446396578] <daniel_hede> ctrl-c
[1446396579] <henryhooverville> f
[1446396579] <atenefyr> system_reset
[1446396579] <miner2542> f
[1446396579] <hmmterve> f
[1446396580] <manawyrm> we need fdisk /dev/sda!!
[1446396580] <floatboth> DON'T forget zsh autocorrects! we don't have to type perfectly
[1446396580] <voxect> tab
[1446396580] <mrtom3715> f
[1446396581] <epiclper_stream> enter
[1446396581] <darktigrus0> f
[1446396582] <diehealthy> f
[1446396582] <kylegoertzen> f
[1446396582] <realnoisette> f
[1446396583] <epiclper_stream> enter
[1446396583] <manawyrm> f
[1446396584] <twitchinstallsarchlinux> Winning command: f
[1446396584] <epiclper_stream> enter
[1446396584] <nnnn20430> f
[1446396584] <emilun> f
[1446396585] <miner2542> f
[1446396585] <epiclper_stream> enter
[1446396585] <nnnn20430> d
[1446396585] <fullmetal5> f
[1446396585] <synackk> d
[1446396585] <atenefyr> @Juggernaut__93 At least they try!
[1446396585] <daniel_hede> f
[1446396586] <manawyrm> d
[1446396586] <eduardopv92> d
[1446396586] <tommyknocker_ru> d
[1446396586] <ownsyouall> d
[1446396586] <epiclper_stream> enter
[1446396587] <coocoo617> f
[1446396587] <mariohenk> f
[1446396587] <meme_reporter> d
[1446396588] <getterac7> d
[1446396588] <epiclper_stream> enter
[1446396589] <daniel_hede> d
[1446396589] <miner2542> f
[1446396589] <sfan5> f
[1446396590] <negatratoron> enter
[1446396591] <acheloos2013> d
[1446396591] <xanoris_the_real> f
[1446396591] <buzukus> f
[1446396591] <yourlocalfax> f
[1446396591] <miner2542> f
[1446396593] <chocolic> f
[1446396593] <scottjive> d
[1446396593] <bda148> Русские Сюда! http://webchat.freenode.net?channels=%23RusStream&uio=d4
[1446396594] <epiclper_stream> enter
[1446396594] <radek502> f
[1446396594] <theyaram> f
[1446396594] <realnoisette> d
[1446396594] <hmmterve> u
[1446396594] <emilun> d
[1446396595] <izohaz> d
[1446396595] <siyo92> f
[1446396595] <floatboth> f
[1446396595] <starkythefox> f
[1446396596] <epiclper_stream> enter
[1446396596] <grumio_coquus> u
[1446396596] <daniel_hede> d
[1446396596] <atybot> f
[1446396596] <kylegoertzen> d
[1446396596] <fruitiex> d
[1446396597] <left_early> f
[1446396597] <realnoisette> D
[1446396597] <twitchinstallsarchlinux> Winning command: D
[1446396598] <fuzzy2_dk> f
[1446396598] <meme_reporter> d
[1446396599] <daniel_hede> d
[1446396599] <fullmetal5> d
[1446396599] <manawyrm> i
[1446396600] <hamshama> d
[1446396600] <miner2542> d
[1446396600] <jamy015> i
[1446396600] <acheloos2013> i
[1446396600] <getterac7> i
[1446396600] <meme_reporter> i
[1446396600] <floatboth> i
[1446396601] <diehealthy> d
[1446396601] <buzukus> d
[1446396601] <eduardopv92> s
[1446396601] <tommyknocker_ru> i
[1446396601] <scottjive> i
[1446396601] <ownsyouall> i
[1446396601] <ninja3047> i
[1446396602] <synackk> i
[1446396602] <atenefyr> i
[1446396602] <theyaram> backspace
[1446396602] <siyo92> backspace
[1446396603] <hamshama> i
[1446396603] <eduardopv92> i
[1446396603] <mrtom3715> i
[1446396604] <chocolic> i
[1446396604] <henryhooverville> i
[1446396604] <left_early> d
[1446396604] <mxchael> i
[1446396605] <daniel_hede> backspace
[1446396605] <izohaz> i
[1446396605] <miner2542> i
[1446396605] <mariohenk> i
[1446396606] <starkythefox> d
[1446396606] <dieselownsu> d
[1446396606] <diehealthy> i
[1446396607] <derpaktosan> i
[1446396607] <xanoris_the_real> d
[1446396607] <clain4671> d
[1446396607] <kylegoertzen> backspace
[1446396607] <the_epicmuffin> d
[1446396607] <meme_reporter> i
[1446396609] <miner2542> i
[1446396609] <realnoisette> backspace
[1446396610] <grumio_coquus> f
[1446396610] <hmmterve> backspace
[1446396610] <fruitiex> i
[1446396611] <fuzzy2_dk> backspace
[1446396611] <twitchinstallsarchlinux> Winning command: i
[1446396611] <bdr9999> are the commands case-sensetive?
[1446396611] <miner2542> i
[1446396611] <nnnn20430> backspace
[1446396611] <getterac7> we're going for fdisk /dev/sda
[1446396612] <coocoo617> d
[1446396612] <synackk> commands are case sensitive :\
[1446396612] <fullmetal5> i
[1446396613] <scottjive> s
[1446396613] <ninja3047> tab
[1446396613] <izohaz> s
[1446396613] <tommyknocker_ru> s
[1446396613] <miner2542> i
[1446396614] <yourlocalfax> s
[1446396614] <eduardopv92> s
[1446396614] <mariohenk> s
[1446396614] <acheloos2013> s
[1446396615] <atenefyr> AGH
[1446396615] <jamy015> s
[1446396615] <ownsyouall> tab
[1446396616] <jaffa> s
[1446396616] <miguetech1> @BDA148 I warned you, didn't I?
[1446396616] <mxchael> s
[1446396617] <maxe_1990> S
[1446396617] <meme_reporter> s
[1446396617] <henryhooverville> s
[1446396617] <gia251> s
[1446396618] <hamshama> s
[1446396618] <sonrilol> backspace
[1446396618] <nnnn20430> CAPITAL D WONT WORK
[1446396619] <miner2542> s
[1446396619] <starkythefox> backspace
[1446396619] <realnoisette> fDisk doesnt work
[1446396619] <chocolic> tab
[1446396619] <manawyrm> i hope zsh can correct for that?!
[1446396620] <daniel_hede> tab
[1446396620] <fuzzy2_dk> s
[1446396620] <miner2542> s
[1446396621] <jamy015> backspace
[1446396621] <shamblernaut> ENTER IS EASIER THAN BACKSPACE FOR BIG MISTAKES
[1446396621] <stracjd> i
[1446396621] <diehealthy> s
[1446396622] <miner2542> s
[1446396622] <xanoris_the_real> i
[1446396623] <siyo92> s
[1446396623] <left_early> i
[1446396623] <miner2542> s
[1446396624] <the_epicmuffin> i
[1446396624] <dieselownsu> backspace
[1446396625] <emilun> ctrl-w
[1446396625] <manawyrm> yea, backspace ;)
[1446396625] <skiftcha> I
[1446396625] <fruitiex> ZSH HAS AUTO CORRECT
[1446396626] <i3wm_rules_ok> ctrl-s
[1446396626] <realnoisette> backspace
[1446396626] <miner2542> s
[1446396626] <pentium320> Bdr9999, yes
[1446396627] <coocoo617> i
[1446396627] <twitchinstallsarchlinux> Winning command: i
[1446396627] <manawyrm> backspace
[1446396627] <grumio_coquus> c
[1446396628] <eduardopv92> k
[1446396628] <yourlocalfax> k
[1446396628] <miner2542> s
[1446396629] <clain4671> i
[1446396629] <getterac7> s
[1446396629] <steelreservedrinker> s
[1446396629] <gia251> k
[1446396629] <coocoo617> s
[1446396629] <hamshama> tab
[1446396629] <stracjd> s
[1446396630] <scottjive> k
[1446396630] <synackk> s
[1446396630] <left_early> s
[1446396631] <ninja3047> s
[1446396631] <xanoris_the_real> s
[1446396632] <floatboth> s
[1446396632] <derpaktosan> enter
